C:\Users\Julien\Documents\GitHub\LauncherTest\node_modules\winston\lib\winston\transports\console.js:90 [2025-09-05 18:59:39] [info] [Preloader]: Loading..
C:\Users\Julien\Documents\GitHub\LauncherTest\node_modules\winston\lib\winston\transports\console.js:90 [2025-09-05 18:59:39] [info] [ConfigManager]: Successfully Loaded
C:\Users\Julien\Documents\GitHub\LauncherTest\node_modules\winston\lib\winston\transports\console.js:90 [2025-09-05 18:59:39] [info] [Preloader]: Cleaned natives directory.
C:\Users\Julien\Documents\GitHub\LauncherTest\node_modules\winston\lib\winston\transports\console.js:90 [2025-09-05 18:59:39] [info] [Landing]: Refreshing Mojang Statuses..
C:\Users\Julien\Documents\GitHub\LauncherTest\node_modules\winston\lib\winston\transports\console.js:90 [2025-09-05 18:59:39] [info] [UICore]: UICore Initializing..
C:\Users\Julien\Documents\GitHub\LauncherTest\node_modules\winston\lib\winston\transports\console.js:90 [2025-09-05 18:59:39] [info] [Preloader]: Loaded distribution index.
C:\Users\Julien\Documents\GitHub\LauncherTest\node_modules\winston\lib\winston\transports\console.js:90 [2025-09-05 18:59:39] [info] [Landing]: Refreshing Server Status
landing.js:248 Object
C:\Users\Julien\Documents\GitHub\LauncherTest\node_modules\winston\lib\winston\transports\console.js:90 [2025-09-05 18:59:42] [info] [Landing]: Launching game..
C:\Users\Julien\Documents\GitHub\LauncherTest\node_modules\winston\lib\winston\transports\console.js:90 [2025-09-05 18:59:43] [info] [Landing]: Jvm Details {
  semver: { major: 21, minor: 0, patch: 6 },
  semverStr: '21.0.6',
  vendor: 'Oracle Corporation',
  path: 'C:\\Program Files\\Java\\jdk-21'
}
C:\Users\Julien\Documents\GitHub\LauncherTest\node_modules\winston\lib\winston\transports\console.js:90 [2025-09-05 18:59:43] [info] [Landing]: Refreshing Server Status
C:\Users\Julien\Documents\GitHub\LauncherTest\node_modules\winston\lib\winston\transports\console.js:90 [2025-09-05 18:59:43] [info] [LaunchSuite]: Validating files.
landing.js:248 Object
C:\Users\Julien\Documents\GitHub\LauncherTest\node_modules\helios-core\dist\dl\AssetGaurdTransmitter.js:30 [_] [2025-09-05 18:59:43] [info] [ReceiverExecutor]: Receiver process started.
C:\Users\Julien\Documents\GitHub\LauncherTest\node_modules\winston\lib\winston\transports\console.js:90 [2025-09-05 18:59:45] [debug] [Transmitter]: Received validate progress 20
C:\Users\Julien\Documents\GitHub\LauncherTest\node_modules\winston\lib\winston\transports\console.js:90 [2025-09-05 18:59:45] [debug] [Transmitter]: Received validate progress 40
C:\Users\Julien\Documents\GitHub\LauncherTest\node_modules\winston\lib\winston\transports\console.js:90 [2025-09-05 18:59:45] [debug] [Transmitter]: Received validate progress 60
C:\Users\Julien\Documents\GitHub\LauncherTest\node_modules\winston\lib\winston\transports\console.js:90 [2025-09-05 18:59:45] [debug] [Transmitter]: Received validate progress 80
C:\Users\Julien\Documents\GitHub\LauncherTest\node_modules\winston\lib\winston\transports\console.js:90 [2025-09-05 18:59:45] [debug] [Transmitter]: Received validate progress 100
C:\Users\Julien\Documents\GitHub\LauncherTest\node_modules\winston\lib\winston\transports\console.js:90 [2025-09-05 18:59:45] [info] [Transmitter]: Received validation complete.
C:\Users\Julien\Documents\GitHub\LauncherTest\node_modules\winston\lib\winston\transports\console.js:90 [2025-09-05 18:59:45] [info] [LaunchSuite]: No invalid files, skipping download.
C:\Users\Julien\Documents\GitHub\LauncherTest\node_modules\helios-core\dist\dl\AssetGaurdTransmitter.js:30 [_] [2025-09-05 18:59:45] [info] [ReceiverExecutor]: Disconnect singal received, shutting down.
C:\Users\Julien\Documents\GitHub\LauncherTest\node_modules\winston\lib\winston\transports\console.js:90 [2025-09-05 18:59:45] [info] [LaunchSuite]: Sending selected account (Julien_1800) to ProcessBuilder.
C:\Users\Julien\Documents\GitHub\LauncherTest\node_modules\winston\lib\winston\transports\console.js:90 [2025-09-05 18:59:45] [info] [ProcessBuilder]: Using liteloader: false
C:\Users\Julien\Documents\GitHub\LauncherTest\node_modules\winston\lib\winston\transports\console.js:90 [2025-09-05 18:59:45] [info] [ProcessBuilder]: Using fabric loader: false
C:\Users\Julien\Documents\GitHub\LauncherTest\node_modules\winston\lib\winston\transports\console.js:90 [2025-09-05 18:59:45] [info] [ProcessBuilder]: [NeoForge]: Adding required JVM arguments for module system
C:\Users\Julien\Documents\GitHub\LauncherTest\node_modules\winston\lib\winston\transports\console.js:90 [2025-09-05 18:59:45] [info] [ProcessBuilder]: [NeoForge]: Processing 43 libraries from version manifest
C:\Users\Julien\Documents\GitHub\LauncherTest\node_modules\winston\lib\winston\transports\console.js:90 [2025-09-05 18:59:45] [warn] [ProcessBuilder]: [NeoForge]: Library not found: net.neoforged.fancymodloader:earlydisplay:9.0.18 at C:\Users\Julien\AppData\Roaming\.glorynations\common\libraries\net\neoforged\fancymodloader\earlydisplay\9.0.18\earlydisplay-9.0.18.jar
C:\Users\Julien\Documents\GitHub\LauncherTest\node_modules\winston\lib\winston\transports\console.js:90 [2025-09-05 18:59:45] [warn] [ProcessBuilder]: [NeoForge]: Library not found: net.neoforged.fancymodloader:loader:9.0.18 at C:\Users\Julien\AppData\Roaming\.glorynations\common\libraries\net\neoforged\fancymodloader\loader\9.0.18\loader-9.0.18.jar
C:\Users\Julien\Documents\GitHub\LauncherTest\node_modules\winston\lib\winston\transports\console.js:90 [2025-09-05 18:59:45] [warn] [ProcessBuilder]: [NeoForge]: Library not found: net.neoforged:accesstransformers:11.0.2 at C:\Users\Julien\AppData\Roaming\.glorynations\common\libraries\net\neoforged\accesstransformers\11.0.2\accesstransformers-11.0.2.jar
C:\Users\Julien\Documents\GitHub\LauncherTest\node_modules\winston\lib\winston\transports\console.js:90 [2025-09-05 18:59:45] [warn] [ProcessBuilder]: [NeoForge]: Library not found: org.ow2.asm:asm-commons:9.8 at C:\Users\Julien\AppData\Roaming\.glorynations\common\libraries\org\ow2\asm\asm-commons\9.8\asm-commons-9.8.jar
C:\Users\Julien\Documents\GitHub\LauncherTest\node_modules\winston\lib\winston\transports\console.js:90 [2025-09-05 18:59:45] [warn] [ProcessBuilder]: [NeoForge]: Library not found: net.neoforged:mergetool:2.0.0:api at C:\Users\Julien\AppData\Roaming\.glorynations\common\libraries\net\neoforged\mergetool\2.0.0\mergetool-2.0.0-api.jar
C:\Users\Julien\Documents\GitHub\LauncherTest\node_modules\winston\lib\winston\transports\console.js:90 [2025-09-05 18:59:45] [warn] [ProcessBuilder]: [NeoForge]: Library not found: org.ow2.asm:asm-util:9.8 at C:\Users\Julien\AppData\Roaming\.glorynations\common\libraries\org\ow2\asm\asm-util\9.8\asm-util-9.8.jar
C:\Users\Julien\Documents\GitHub\LauncherTest\node_modules\winston\lib\winston\transports\console.js:90 [2025-09-05 18:59:45] [warn] [ProcessBuilder]: [NeoForge]: Library not found: org.ow2.asm:asm-analysis:9.8 at C:\Users\Julien\AppData\Roaming\.glorynations\common\libraries\org\ow2\asm\asm-analysis\9.8\asm-analysis-9.8.jar
C:\Users\Julien\Documents\GitHub\LauncherTest\node_modules\winston\lib\winston\transports\console.js:90 [2025-09-05 18:59:45] [warn] [ProcessBuilder]: [NeoForge]: Library not found: org.ow2.asm:asm-tree:9.8 at C:\Users\Julien\AppData\Roaming\.glorynations\common\libraries\org\ow2\asm\asm-tree\9.8\asm-tree-9.8.jar
C:\Users\Julien\Documents\GitHub\LauncherTest\node_modules\winston\lib\winston\transports\console.js:90 [2025-09-05 18:59:45] [warn] [ProcessBuilder]: [NeoForge]: Library not found: net.neoforged:bus:8.0.5 at C:\Users\Julien\AppData\Roaming\.glorynations\common\libraries\net\neoforged\bus\8.0.5\bus-8.0.5.jar
C:\Users\Julien\Documents\GitHub\LauncherTest\node_modules\winston\lib\winston\transports\console.js:90 [2025-09-05 18:59:45] [warn] [ProcessBuilder]: [NeoForge]: Library not found: org.ow2.asm:asm:9.8 at C:\Users\Julien\AppData\Roaming\.glorynations\common\libraries\org\ow2\asm\asm\9.8\asm-9.8.jar
C:\Users\Julien\Documents\GitHub\LauncherTest\node_modules\winston\lib\winston\transports\console.js:90 [2025-09-05 18:59:45] [warn] [ProcessBuilder]: [NeoForge]: Library not found: com.electronwill.night-config:toml:3.8.3 at C:\Users\Julien\AppData\Roaming\.glorynations\common\libraries\com\electronwill\night-config\toml\3.8.3\toml-3.8.3.jar
C:\Users\Julien\Documents\GitHub\LauncherTest\node_modules\winston\lib\winston\transports\console.js:90 [2025-09-05 18:59:45] [warn] [ProcessBuilder]: [NeoForge]: Library not found: com.electronwill.night-config:core:3.8.3 at C:\Users\Julien\AppData\Roaming\.glorynations\common\libraries\com\electronwill\night-config\core\3.8.3\core-3.8.3.jar
C:\Users\Julien\Documents\GitHub\LauncherTest\node_modules\winston\lib\winston\transports\console.js:90 [2025-09-05 18:59:45] [warn] [ProcessBuilder]: [NeoForge]: Library not found: net.neoforged:JarJarSelector:0.4.1 at C:\Users\Julien\AppData\Roaming\.glorynations\common\libraries\net\neoforged\JarJarSelector\0.4.1\JarJarSelector-0.4.1.jar
C:\Users\Julien\Documents\GitHub\LauncherTest\node_modules\winston\lib\winston\transports\console.js:90 [2025-09-05 18:59:45] [warn] [ProcessBuilder]: [NeoForge]: Library not found: net.neoforged:JarJarMetadata:0.4.1 at C:\Users\Julien\AppData\Roaming\.glorynations\common\libraries\net\neoforged\JarJarMetadata\0.4.1\JarJarMetadata-0.4.1.jar
C:\Users\Julien\Documents\GitHub\LauncherTest\node_modules\winston\lib\winston\transports\console.js:90 [2025-09-05 18:59:45] [warn] [ProcessBuilder]: [NeoForge]: Library not found: org.apache.maven:maven-artifact:3.9.9 at C:\Users\Julien\AppData\Roaming\.glorynations\common\libraries\org\apache\maven\maven-artifact\3.9.9\maven-artifact-3.9.9.jar
C:\Users\Julien\Documents\GitHub\LauncherTest\node_modules\winston\lib\winston\transports\console.js:90 [2025-09-05 18:59:45] [warn] [ProcessBuilder]: [NeoForge]: Library not found: net.jodah:typetools:0.6.3 at C:\Users\Julien\AppData\Roaming\.glorynations\common\libraries\net\jodah\typetools\0.6.3\typetools-0.6.3.jar
C:\Users\Julien\Documents\GitHub\LauncherTest\node_modules\winston\lib\winston\transports\console.js:90 [2025-09-05 18:59:45] [warn] [ProcessBuilder]: [NeoForge]: Library not found: net.minecrell:terminalconsoleappender:1.3.0 at C:\Users\Julien\AppData\Roaming\.glorynations\common\libraries\net\minecrell\terminalconsoleappender\1.3.0\terminalconsoleappender-1.3.0.jar
C:\Users\Julien\Documents\GitHub\LauncherTest\node_modules\winston\lib\winston\transports\console.js:90 [2025-09-05 18:59:45] [warn] [ProcessBuilder]: [NeoForge]: Library not found: net.fabricmc:sponge-mixin:0.15.2+mixin.0.8.7 at C:\Users\Julien\AppData\Roaming\.glorynations\common\libraries\net\fabricmc\sponge-mixin\0.15.2+mixin.0.8.7\sponge-mixin-0.15.2+mixin.0.8.7.jar
C:\Users\Julien\Documents\GitHub\LauncherTest\node_modules\winston\lib\winston\transports\console.js:90 [2025-09-05 18:59:45] [debug] [ProcessBuilder]: [NeoForge]: Including library: net.neoforged.fancymodloader:bootstraplauncher:9.0.18
C:\Users\Julien\Documents\GitHub\LauncherTest\node_modules\winston\lib\winston\transports\console.js:90 [2025-09-05 18:59:45] [debug] [ProcessBuilder]: [NeoForge]: Including library: net.neoforged.fancymodloader:securejarhandler:9.0.18
C:\Users\Julien\Documents\GitHub\LauncherTest\node_modules\winston\lib\winston\transports\console.js:90 [2025-09-05 18:59:45] [debug] [ProcessBuilder]: [NeoForge]: Including library: net.neoforged:JarJarFileSystems:0.4.1
C:\Users\Julien\Documents\GitHub\LauncherTest\node_modules\winston\lib\winston\transports\console.js:90 [2025-09-05 18:59:45] [debug] [ProcessBuilder]: [NeoForge]: Including library: net.sf.jopt-simple:jopt-simple:5.0.4
C:\Users\Julien\Documents\GitHub\LauncherTest\node_modules\winston\lib\winston\transports\console.js:90 [2025-09-05 18:59:45] [warn] [ProcessBuilder]: [NeoForge]: Library not found: net.neoforged.accesstransformers:at-parser:11.0.2 at C:\Users\Julien\AppData\Roaming\.glorynations\common\libraries\net\neoforged\accesstransformers\at-parser\11.0.2\at-parser-11.0.2.jar
C:\Users\Julien\Documents\GitHub\LauncherTest\node_modules\winston\lib\winston\transports\console.js:90 [2025-09-05 18:59:45] [debug] [ProcessBuilder]: [NeoForge]: Including library: org.slf4j:slf4j-api:2.0.16
C:\Users\Julien\Documents\GitHub\LauncherTest\node_modules\winston\lib\winston\transports\console.js:90 [2025-09-05 18:59:45] [debug] [ProcessBuilder]: [NeoForge]: Including library: com.mojang:logging:1.5.10
C:\Users\Julien\Documents\GitHub\LauncherTest\node_modules\winston\lib\winston\transports\console.js:90 [2025-09-05 18:59:45] [debug] [ProcessBuilder]: [NeoForge]: Including library: org.apache.logging.log4j:log4j-slf4j2-impl:2.24.1
C:\Users\Julien\Documents\GitHub\LauncherTest\node_modules\winston\lib\winston\transports\console.js:90 [2025-09-05 18:59:45] [debug] [ProcessBuilder]: [NeoForge]: Including library: org.apache.logging.log4j:log4j-core:2.24.1
C:\Users\Julien\Documents\GitHub\LauncherTest\node_modules\winston\lib\winston\transports\console.js:90 [2025-09-05 18:59:45] [debug] [ProcessBuilder]: [NeoForge]: Including library: org.apache.logging.log4j:log4j-api:2.24.1
C:\Users\Julien\Documents\GitHub\LauncherTest\node_modules\winston\lib\winston\transports\console.js:90 [2025-09-05 18:59:45] [warn] [ProcessBuilder]: [NeoForge]: Library not found: org.jline:jline-reader:3.20.0 at C:\Users\Julien\AppData\Roaming\.glorynations\common\libraries\org\jline\jline-reader\3.20.0\jline-reader-3.20.0.jar
C:\Users\Julien\Documents\GitHub\LauncherTest\node_modules\winston\lib\winston\transports\console.js:90 [2025-09-05 18:59:45] [warn] [ProcessBuilder]: [NeoForge]: Library not found: org.jline:jline-terminal:3.20.0 at C:\Users\Julien\AppData\Roaming\.glorynations\common\libraries\org\jline\jline-terminal\3.20.0\jline-terminal-3.20.0.jar
C:\Users\Julien\Documents\GitHub\LauncherTest\node_modules\winston\lib\winston\transports\console.js:90 [2025-09-05 18:59:45] [debug] [ProcessBuilder]: [NeoForge]: Including library: commons-io:commons-io:2.17.0
C:\Users\Julien\Documents\GitHub\LauncherTest\node_modules\winston\lib\winston\transports\console.js:90 [2025-09-05 18:59:45] [warn] [ProcessBuilder]: [NeoForge]: Library not found: net.minecraftforge:srgutils:0.4.15 at C:\Users\Julien\AppData\Roaming\.glorynations\common\libraries\net\minecraftforge\srgutils\0.4.15\srgutils-0.4.15.jar
C:\Users\Julien\Documents\GitHub\LauncherTest\node_modules\winston\lib\winston\transports\console.js:90 [2025-09-05 18:59:45] [debug] [ProcessBuilder]: [NeoForge]: Including library: com.google.guava:guava:33.3.1-jre
C:\Users\Julien\Documents\GitHub\LauncherTest\node_modules\winston\lib\winston\transports\console.js:90 [2025-09-05 18:59:45] [debug] [ProcessBuilder]: [NeoForge]: Including library: com.google.guava:failureaccess:1.0.2
C:\Users\Julien\Documents\GitHub\LauncherTest\node_modules\winston\lib\winston\transports\console.js:90 [2025-09-05 18:59:45] [warn] [ProcessBuilder]: [NeoForge]: Library not found: com.google.guava:listenablefuture:9999.0-empty-to-avoid-conflict-with-guava at C:\Users\Julien\AppData\Roaming\.glorynations\common\libraries\com\google\guava\listenablefuture\9999.0-empty-to-avoid-conflict-with-guava\listenablefuture-9999.0-empty-to-avoid-conflict-with-guava.jar
C:\Users\Julien\Documents\GitHub\LauncherTest\node_modules\winston\lib\winston\transports\console.js:90 [2025-09-05 18:59:45] [warn] [ProcessBuilder]: [NeoForge]: Library not found: com.google.code.findbugs:jsr305:3.0.2 at C:\Users\Julien\AppData\Roaming\.glorynations\common\libraries\com\google\code\findbugs\jsr305\3.0.2\jsr305-3.0.2.jar
C:\Users\Julien\Documents\GitHub\LauncherTest\node_modules\winston\lib\winston\transports\console.js:90 [2025-09-05 18:59:45] [warn] [ProcessBuilder]: [NeoForge]: Library not found: org.checkerframework:checker-qual:3.43.0 at C:\Users\Julien\AppData\Roaming\.glorynations\common\libraries\org\checkerframework\checker-qual\3.43.0\checker-qual-3.43.0.jar
C:\Users\Julien\Documents\GitHub\LauncherTest\node_modules\winston\lib\winston\transports\console.js:90 [2025-09-05 18:59:45] [debug] [ProcessBuilder]: [NeoForge]: Including library: com.google.code.gson:gson:2.11.0
C:\Users\Julien\Documents\GitHub\LauncherTest\node_modules\winston\lib\winston\transports\console.js:90 [2025-09-05 18:59:45] [debug] [ProcessBuilder]: [NeoForge]: Including library: com.google.errorprone:error_prone_annotations:2.28.0
C:\Users\Julien\Documents\GitHub\LauncherTest\node_modules\winston\lib\winston\transports\console.js:90 [2025-09-05 18:59:45] [warn] [ProcessBuilder]: [NeoForge]: Library not found: com.google.j2objc:j2objc-annotations:3.0.0 at C:\Users\Julien\AppData\Roaming\.glorynations\common\libraries\com\google\j2objc\j2objc-annotations\3.0.0\j2objc-annotations-3.0.0.jar
C:\Users\Julien\Documents\GitHub\LauncherTest\node_modules\winston\lib\winston\transports\console.js:90 [2025-09-05 18:59:45] [warn] [ProcessBuilder]: [NeoForge]: Library not found: org.codehaus.plexus:plexus-utils:3.5.1 at C:\Users\Julien\AppData\Roaming\.glorynations\common\libraries\org\codehaus\plexus\plexus-utils\3.5.1\plexus-utils-3.5.1.jar
C:\Users\Julien\Documents\GitHub\LauncherTest\node_modules\winston\lib\winston\transports\console.js:90 [2025-09-05 18:59:45] [debug] [ProcessBuilder]: [NeoForge]: Including library: org.apache.commons:commons-lang3:3.17.0
C:\Users\Julien\Documents\GitHub\LauncherTest\node_modules\winston\lib\winston\transports\console.js:90 [2025-09-05 18:59:45] [debug] [ProcessBuilder]: [NeoForge]: Including library: com.machinezoo.noexception:noexception:1.7.1
C:\Users\Julien\Documents\GitHub\LauncherTest\node_modules\winston\lib\winston\transports\console.js:90 [2025-09-05 18:59:45] [info] [ProcessBuilder]: Launch Arguments: [
  '-XX:HeapDumpPath=MojangTricksIntelDriversForPerformance_javaw.exe_minecraft.exe.heapdump',
  '-Djava.library.path=C:\\Users\\Julien\\AppData\\Local\\Temp\\WCNatives\\7d006a62a4c2c4453afb9a64efadc341',
  '-Djna.tmpdir=C:\\Users\\Julien\\AppData\\Local\\Temp\\WCNatives\\7d006a62a4c2c4453afb9a64efadc341',
  '-Dorg.lwjgl.system.SharedLibraryExtractPath=C:\\Users\\Julien\\AppData\\Local\\Temp\\WCNatives\\7d006a62a4c2c4453afb9a64efadc341',
  '-Dio.netty.native.workdir=C:\\Users\\Julien\\AppData\\Local\\Temp\\WCNatives\\7d006a62a4c2c4453afb9a64efadc341',
  '-Dminecraft.launcher.brand=Helios-Launcher',
  '-Dminecraft.launcher.version=1.0.0',
  '-cp',
  'C:\\Users\\Julien\\AppData\\Roaming\\.glorynations\\common\\libraries\\com\\fasterxml\\jackson\\core\\jackson-annotations\\2.13.4\\jackson-annotations-2.13.4.jar;C:\\Users\\Julien\\AppData\\Roaming\\.glorynations\\common\\libraries\\com\\fasterxml\\jackson\\core\\jackson-core\\2.13.4\\jackson-core-2.13.4.jar;C:\\Users\\Julien\\AppData\\Roaming\\.glorynations\\common\\libraries\\com\\fasterxml\\jackson\\core\\jackson-databind\\2.13.4.2\\jackson-databind-2.13.4.2.jar;C:\\Users\\Julien\\AppData\\Roaming\\.glorynations\\common\\libraries\\com\\github\\oshi\\oshi-core\\6.6.5\\oshi-core-6.6.5.jar;C:\\Users\\Julien\\AppData\\Roaming\\.glorynations\\common\\libraries\\com\\github\\stephenc\\jcip\\jcip-annotations\\1.0-1\\jcip-annotations-1.0-1.jar;C:\\Users\\Julien\\AppData\\Roaming\\.glorynations\\common\\libraries\\com\\google\\code\\gson\\gson\\2.11.0\\gson-2.11.0.jar;C:\\Users\\Julien\\AppData\\Roaming\\.glorynations\\common\\libraries\\com\\google\\guava\\failureaccess\\1.0.2\\failureaccess-1.0.2.jar;C:\\Users\\Julien\\AppData\\Roaming\\.glorynations\\common\\libraries\\com\\google\\guava\\guava\\33.3.1-jre\\guava-33.3.1-jre.jar;C:\\Users\\Julien\\AppData\\Roaming\\.glorynations\\common\\libraries\\com\\ibm\\icu\\icu4j\\76.1\\icu4j-76.1.jar;C:\\Users\\Julien\\AppData\\Roaming\\.glorynations\\common\\libraries\\com\\microsoft\\azure\\msal4j\\1.17.2\\msal4j-1.17.2.jar;C:\\Users\\Julien\\AppData\\Roaming\\.glorynations\\common\\libraries\\com\\mojang\\authlib\\6.0.58\\authlib-6.0.58.jar;C:\\Users\\Julien\\AppData\\Roaming\\.glorynations\\common\\libraries\\com\\mojang\\blocklist\\1.0.10\\blocklist-1.0.10.jar;C:\\Users\\Julien\\AppData\\Roaming\\.glorynations\\common\\libraries\\com\\mojang\\brigadier\\1.3.10\\brigadier-1.3.10.jar;C:\\Users\\Julien\\AppData\\Roaming\\.glorynations\\common\\libraries\\com\\mojang\\datafixerupper\\8.0.16\\datafixerupper-8.0.16.jar;C:\\Users\\Julien\\AppData\\Roaming\\.glorynations\\common\\libraries\\com\\mojang\\jtracy\\1.0.29\\jtracy-1.0.29.jar;C:\\Users\\Julien\\AppData\\Roaming\\.glorynations\\common\\libraries\\com\\mojang\\logging\\1.5.10\\logging-1.5.10.jar;C:\\Users\\Julien\\AppData\\Roaming\\.glorynations\\common\\libraries\\com\\mojang\\patchy\\2.2.10\\patchy-2.2.10.jar;C:\\Users\\Julien\\AppData\\Roaming\\.glorynations\\common\\libraries\\com\\mojang\\text2speech\\1.18.11\\text2speech-1.18.11.jar;C:\\Users\\Julien\\AppData\\Roaming\\.glorynations\\common\\libraries\\com\\nimbusds\\content-type\\2.3\\content-type-2.3.jar;C:\\Users\\Julien\\AppData\\Roaming\\.glorynations\\common\\libraries\\com\\nimbusds\\lang-tag\\1.7\\lang-tag-1.7.jar;C:\\Users\\Julien\\AppData\\Roaming\\.glorynations\\common\\libraries\\com\\nimbusds\\nimbus-jose-jwt\\9.40\\nimbus-jose-jwt-9.40.jar;C:\\Users\\Julien\\AppData\\Roaming\\.glorynations\\common\\libraries\\com\\nimbusds\\oauth2-oidc-sdk\\11.18\\oauth2-oidc-sdk-11.18.jar;C:\\Users\\Julien\\AppData\\Roaming\\.glorynations\\common\\libraries\\commons-codec\\commons-codec\\1.17.1\\commons-codec-1.17.1.jar;C:\\Users\\Julien\\AppData\\Roaming\\.glorynations\\common\\libraries\\commons-io\\commons-io\\2.17.0\\commons-io-2.17.0.jar;C:\\Users\\Julien\\AppData\\Roaming\\.glorynations\\common\\libraries\\commons-logging\\commons-logging\\1.3.4\\commons-logging-1.3.4.jar;C:\\Users\\Julien\\AppData\\Roaming\\.glorynations\\common\\libraries\\io\\netty\\netty-buffer\\4.1.118.Final\\netty-buffer-4.1.118.Final.jar;C:\\Users\\Julien\\AppData\\Roaming\\.glorynations\\common\\libraries\\io\\netty\\netty-codec\\4.1.118.Final\\netty-codec-4.1.118.Final.jar;C:\\Users\\Julien\\AppData\\Roaming\\.glorynations\\common\\libraries\\io\\netty\\netty-common\\4.1.118.Final\\netty-common-4.1.118.Final.jar;C:\\Users\\Julien\\AppData\\Roaming\\.glorynations\\common\\libraries\\io\\netty\\netty-handler\\4.1.118.Final\\netty-handler-4.1.118.Final.jar;C:\\Users\\Julien\\AppData\\Roaming\\.glorynations\\common\\libraries\\io\\netty\\netty-resolver\\4.1.118.Final\\netty-resolver-4.1.118.Final.jar;C:\\Users\\Julien\\AppData\\Roaming\\.glorynations\\common\\libraries\\io\\netty\\netty-transport-classes-epoll\\4.1.118.Final\\netty-transport-classes-epoll-4.1.118.Final.jar;C:\\Users\\Julien\\AppData\\Roaming\\.glorynations\\common\\libraries\\io\\netty\\netty-transport-native-unix-common\\4.1.118.Final\\netty-transport-native-unix-common-4.1.118.Final.jar;C:\\Users\\Julien\\AppData\\Roaming\\.glorynations\\common\\libraries\\io\\netty\\netty-transport\\4.1.118.Final\\netty-transport-4.1.118.Final.jar;C:\\Users\\Julien\\AppData\\Roaming\\.glorynations\\common\\libraries\\it\\unimi\\dsi\\fastutil\\8.5.15\\fastutil-8.5.15.jar;C:\\Users\\Julien\\AppData\\Roaming\\.glorynations\\common\\libraries\\net\\java\\dev\\jna\\jna-platform\\5.15.0\\jna-platform-5.15.0.jar;C:\\Users\\Julien\\AppData\\Roaming\\.glorynations\\common\\libraries\\net\\java\\dev\\jna\\jna\\5.15.0\\jna-5.15.0.jar;C:\\Users\\Julien\\AppData\\Roaming\\.glorynations\\common\\libraries\\net\\minidev\\accessors-smart\\2.5.1\\accessors-smart-2.5.1.jar;C:\\Users\\Julien\\AppData\\Roaming\\.glorynations\\common\\libraries\\net\\minidev\\json-smart\\2.5.1\\json-smart-2.5.1.jar;C:\\Users\\Julien\\AppData\\Roaming\\.glorynations\\common\\libraries\\net\\sf\\jopt-simple\\jopt-simple\\5.0.4\\jopt-simple-5.0.4.jar;C:\\Users\\Julien\\AppData\\Roaming\\.glorynations\\common\\libraries\\org\\apache\\commons\\commons-compress\\1.27.1\\commons-compress-1.27.1.jar;C:\\Users\\Julien\\AppData\\Roaming\\.glorynations\\common\\libraries\\org\\apache\\commons\\commons-lang3\\3.17.0\\commons-lang3-3.17.0.jar;C:\\Users\\Julien\\AppData\\Roaming\\.glorynations\\common\\libraries\\org\\apache\\httpcomponents\\httpclient\\4.5.14\\httpclient-4.5.14.jar;C:\\Users\\Julien\\AppData\\Roaming\\.glorynations\\common\\libraries\\org\\apache\\httpcomponents\\httpcore\\4.4.16\\httpcore-4.4.16.jar;C:\\Users\\Julien\\AppData\\Roaming\\.glorynations\\common\\libraries\\org\\apache\\logging\\log4j\\log4j-api\\2.24.1\\log4j-api-2.24.1.jar;C:\\Users\\Julien\\AppData\\Roaming\\.glorynations\\common\\libraries\\org\\apache\\logging\\log4j\\log4j-core\\2.24.1\\log4j-core-2.24.1.jar;C:\\Users\\Julien\\AppData\\Roaming\\.glorynations\\common\\libraries\\org\\apache\\logging\\log4j\\log4j-slf4j2-impl\\2.24.1\\log4j-slf4j2-impl-2.24.1.jar;C:\\Users\\Julien\\AppData\\Roaming\\.glorynations\\common\\libraries\\org\\jcraft\\jorbis\\0.0.17\\jorbis-0.0.17.jar;C:\\Users\\Julien\\AppData\\Roaming\\.glorynations\\common\\libraries\\org\\joml\\joml\\1.10.8\\joml-1.10.8.jar;C:\\Users\\Julien\\AppData\\Roaming\\.glorynations\\common\\libraries\\org\\lwjgl\\lwjgl-freetype\\3.3.3\\lwjgl-freetype-3.3.3.jar;C:\\Users\\Julien\\AppData\\Roaming\\.glorynations\\common\\libraries\\org\\lwjgl\\lwjgl-glfw\\3.3.3\\lwjgl-glfw-3.3.3.jar;C:\\Users\\Julien\\AppData\\Roaming\\.glorynations\\common\\libraries\\org\\lwjgl\\lwjgl-jemalloc\\3.3.3\\lwjgl-jemalloc-3.3.3.jar;C:\\Users\\Julien\\AppData\\Roaming\\.glorynations\\common\\libraries\\org\\lwjgl\\lwjgl-openal\\3.3.3\\lwjgl-openal-3.3.3.jar;C:\\Users\\Julien\\AppData\\Roaming\\.glorynations\\common\\libraries\\org\\lwjgl\\lwjgl-opengl\\3.3.3\\lwjgl-opengl-3.3.3.jar;C:\\Users\\Julien\\AppData\\Roaming\\.glorynations\\common\\libraries\\org\\lwjgl\\lwjgl-stb\\3.3.3\\lwjgl-stb-3.3.3.jar;C:\\Users\\Julien\\AppData\\Roaming\\.glorynations\\common\\libraries\\org\\lwjgl\\lwjgl-tinyfd\\3.3.3\\lwjgl-tinyfd-3.3.3.jar;C:\\Users\\Julien\\AppData\\Roaming\\.glorynations\\common\\libraries\\org\\lwjgl\\lwjgl\\3.3.3\\lwjgl-3.3.3.jar;C:\\Users\\Julien\\AppData\\Roaming\\.glorynations\\common\\libraries\\org\\lz4\\lz4-java\\1.8.0\\lz4-java-1.8.0.jar;C:\\Users\\Julien\\AppData\\Roaming\\.glorynations\\common\\libraries\\org\\ow2\\asm\\asm\\9.6\\asm-9.6.jar;C:\\Users\\Julien\\AppData\\Roaming\\.glorynations\\common\\libraries\\org\\slf4j\\slf4j-api\\2.0.16\\slf4j-api-2.0.16.jar;C:\\Users\\Julien\\AppData\\Roaming\\.glorynations\\common\\libraries\\net\\neoforged\\neoforge\\21.8.44\\neoforge-21.8.44.jar;C:\\Users\\Julien\\AppData\\Roaming\\.glorynations\\common\\libraries\\net\\neoforged\\fancymodloader\\bootstraplauncher\\9.0.18\\bootstraplauncher-9.0.18.jar;C:\\Users\\Julien\\AppData\\Roaming\\.glorynations\\common\\libraries\\net\\neoforged\\fancymodloader\\securejarhandler\\9.0.18\\securejarhandler-9.0.18.jar;C:\\Users\\Julien\\AppData\\Roaming\\.glorynations\\common\\libraries\\net\\neoforged\\JarJarFileSystems\\0.4.1\\JarJarFileSystems-0.4.1.jar;C:\\Users\\Julien\\AppData\\Roaming\\.glorynations\\common\\libraries\\com\\google\\errorprone\\error_prone_annotations\\2.28.0\\error_prone_annotations-2.28.0.jar;C:\\Users\\Julien\\AppData\\Roaming\\.glorynations\\common\\libraries\\com\\machinezoo\\noexception\\noexception\\1.7.1\\noexception-1.7.1.jar',
  '-Djava.net.preferIPv6Addresses=system',
  '-DignoreList=client-extra,neoforge-21.8.45.jar',
  '-DlibraryDirectory=C:\\Users\\Julien\\AppData\\Roaming\\.glorynations\\common\\libraries',
  '-p',
  'C:\\Users\\Julien\\AppData\\Roaming\\.glorynations\\common\\libraries/net/neoforged/fancymodloader/bootstraplauncher/9.0.18/bootstraplauncher-9.0.18.jar;C:\\Users\\Julien\\AppData\\Roaming\\.glorynations\\common\\libraries/net/neoforged/fancymodloader/securejarhandler/9.0.18/securejarhandler-9.0.18.jar;C:\\Users\\Julien\\AppData\\Roaming\\.glorynations\\common\\libraries/net/neoforged/JarJarFileSystems/0.4.1/JarJarFileSystems-0.4.1.jar',
  '--add-modules',
  'ALL-MODULE-PATH',
  '--add-exports',
  'jdk.naming.dns/com.sun.jndi.dns=java.naming',
  '-Xmx4G',
  '-Xms4G',
  '--add-opens',
  'java.base/java.lang.invoke=ALL-UNNAMED,cpw.mods.securejarhandler',
  '--add-opens',
  'java.base/java.util.jar=ALL-UNNAMED,cpw.mods.securejarhandler',
  '--add-opens',
  'java.base/java.lang=ALL-UNNAMED,cpw.mods.securejarhandler',
  '--add-exports',
  'java.base/sun.security.util=ALL-UNNAMED,cpw.mods.securejarhandler',
  '--add-exports',
  'jdk.naming.dns/com.sun.jndi.dns=java.naming',
  'cpw.mods.bootstraplauncher.BootstrapLauncher',
  '--username',
  'Julien_1800',
  '--version',
  'GloryNations-1218',
  '--gameDir',
  'C:\\Users\\Julien\\AppData\\Roaming\\.glorynations\\instances\\GloryNations-1218',
  '--assetsDir',
  'C:\\Users\\Julien\\AppData\\Roaming\\.glorynations\\common\\assets',
  '--assetIndex',
  '26',
  '--uuid',
  '8b3c5729ecfb459da675812ee4edb102',
  '--accessToken',
  '**********',
  '--clientId',
  '${clientid}',
  '--xuid',
  '${auth_xuid}',
  '--userType',
  'msa',
  '--versionType',
  'release',
  '--width',
  1280,
  '--height',
  720,
  '--fml.neoForgeVersion',
  '21.8.45',
  '--fml.fmlVersion',
  '9.0.18',
  '--fml.mcVersion',
  '1.21.8',
  '--fml.neoFormVersion',
  '20250717.133445',
  '--launchTarget',
  'neoforgeclient'
]
C:\Users\Julien\Documents\GitHub\LauncherTest\node_modules\winston\lib\winston\transports\console.js:90 [2025-09-05 18:59:45] [info] [DiscordWrapper]: Unable to initialize Discord Rich Presence: connection closed 
Error: connection closed
    at IPCTransport.<anonymous> (C:\Users\Julien\Documents\GitHub\LauncherTest\node_modules\discord-rpc-patch\src\client.js:111:16)
    at Object.onceWrapper (node:events:633:26)
    at IPCTransport.emit (node:events:518:28)
    at C:\Users\Julien\Documents\GitHub\LauncherTest\node_modules\discord-rpc-patch\src\transports\ipc.js:141:18
    at decode (C:\Users\Julien\Documents\GitHub\LauncherTest\node_modules\discord-rpc-patch\src\transports\ipc.js:92:5)
    at Socket.<anonymous> (C:\Users\Julien\Documents\GitHub\LauncherTest\node_modules\discord-rpc-patch\src\transports\ipc.js:120:7)
    at Socket.emit (node:events:518:28)
    at emitReadable_ (node:internal/streams/readable:834:12)
    at process.processTicksAndRejections (node:internal/process/task_queues:81:21)
C:\Users\Julien\Documents\GitHub\LauncherTest\app\assets\js\processbuilder.js:97 [Minecraft] Exception in thread "main"
C:\Users\Julien\Documents\GitHub\LauncherTest\app\assets\js\processbuilder.js:97 [Minecraft] java.lang.ClassNotFoundException: cpw.mods.modlauncher.Launcher
C:\Users\Julien\Documents\GitHub\LauncherTest\app\assets\js\processbuilder.js:97 [Minecraft] at java.base/jdk.internal.loader.BuiltinClassLoader.loadClass(BuiltinClassLoader.java:641)
C:\Users\Julien\Documents\GitHub\LauncherTest\app\assets\js\processbuilder.js:97 [Minecraft] 	at java.base/java.lang.ClassLoader.loadClass(ClassLoader.java:526)
C:\Users\Julien\Documents\GitHub\LauncherTest\app\assets\js\processbuilder.js:97 [Minecraft] 	at cpw.mods.securejarhandler/cpw.mods.cl.ModuleClassLoader.loadClass(ModuleClassLoader.java:228)
C:\Users\Julien\Documents\GitHub\LauncherTest\app\assets\js\processbuilder.js:97 [Minecraft] 	at java.base/java.lang.ClassLoader.loadClass(ClassLoader.java:526)
C:\Users\Julien\Documents\GitHub\LauncherTest\app\assets\js\processbuilder.js:97 [Minecraft] at java.base/java.lang.Class.forName0(Native Method)
C:\Users\Julien\Documents\GitHub\LauncherTest\app\assets\js\processbuilder.js:97 [Minecraft] 	at java.base/java.lang.Class.forName(Class.java:534)
C:\Users\Julien\Documents\GitHub\LauncherTest\app\assets\js\processbuilder.js:97 [Minecraft] 	at java.base/java.lang.Class.forName(Class.java:513)
C:\Users\Julien\Documents\GitHub\LauncherTest\app\assets\js\processbuilder.js:97 [Minecraft] 	at cpw.mods.bootstraplauncher/cpw.mods.bootstraplauncher.BootstrapLauncher.run(BootstrapLauncher.java:201)
C:\Users\Julien\Documents\GitHub\LauncherTest\app\assets\js\processbuilder.js:97 [Minecraft] 	at cpw.mods.bootstraplauncher/cpw.mods.bootstraplauncher.BootstrapLauncher.main(BootstrapLauncher.java:62)
C:\Users\Julien\Documents\GitHub\LauncherTest\node_modules\winston\lib\winston\transports\console.js:90 [2025-09-05 18:59:46] [info] [ProcessBuilder]: Exited with code 1
C:\Users\Julien\Documents\GitHub\LauncherTest\node_modules\winston\lib\winston\transports\console.js:90 [2025-09-05 18:59:46] [info] [LaunchSuite]: Shutting down Discord Rich Presence..
C:\Users\Julien\Documents\GitHub\LauncherTest\node_modules\winston\lib\winston\transports\console.js:90 [2025-09-05 18:59:46] [info] [ProcessBuilder]: Temp dir deleted successfully.
uicore.js:30 The console is dark and full of terrors.
uicore.js:31 If you've been told to paste something here, you're being scammed.
uicore.js:32 Unless you know exactly what you're doing, close this window.
